C:\DOCUMENTS AND SETTINGS\S.GORYUNOV\Рабочий стол\Копия (23.07.14) SPECTROMETR\SPECTR\DEBUG\SPECTR.EXE
C:\DOCUMENTS AND SETTINGS\S.GORYUNOV\Рабочий стол\Копия (23.07.14) SPECTROMETR\SPECTR\DEBUG\SPECTR.ILK
C:\DOCUMENTS AND SETTINGS\S.GORYUNOV\РАБОЧИЙ СТОЛ\КОПИЯ (23.07.14) SPECTROMETR\SPECTR\DEBUG\SPECTR.PDB
C:\DOCUMENTS AND SETTINGS\S.GORYUNOV\Рабочий стол\Копия (23.07.14) SPECTROMETR\SPECTR\SPECTR\DEBUG\CHOPPER.OBJ
C:\DOCUMENTS AND SETTINGS\S.GORYUNOV\Рабочий стол\Копия (23.07.14) SPECTROMETR\SPECTR\SPECTR\DEBUG\CHOPPERSETTINGS.OBJ
C:\DOCUMENTS AND SETTINGS\S.GORYUNOV\Рабочий стол\Копия (23.07.14) SPECTROMETR\SPECTR\SPECTR\DEBUG\DATAACQSYSTEM.OBJ
C:\DOCUMENTS AND SETTINGS\S.GORYUNOV\Рабочий стол\Копия (23.07.14) SPECTROMETR\SPECTR\SPECTR\DEBUG\E2010.OBJ
C:\DOCUMENTS AND SETTINGS\S.GORYUNOV\Рабочий стол\Копия (23.07.14) SPECTROMETR\SPECTR\SPECTR\DEBUG\E2010SETTINGS.OBJ
C:\DOCUMENTS AND SETTINGS\S.GORYUNOV\Рабочий стол\Копия (23.07.14) SPECTROMETR\SPECTR\SPECTR\DEBUG\GRAPHDLG.OBJ
C:\DOCUMENTS AND SETTINGS\S.GORYUNOV\Рабочий стол\Копия (23.07.14) SPECTROMETR\SPECTR\SPECTR\DEBUG\HARDWARE.OBJ
C:\DOCUMENTS AND SETTINGS\S.GORYUNOV\Рабочий стол\Копия (23.07.14) SPECTROMETR\SPECTR\SPECTR\DEBUG\HIGHSPEEDMOTOR.OBJ
C:\DOCUMENTS AND SETTINGS\S.GORYUNOV\Рабочий стол\Копия (23.07.14) SPECTROMETR\SPECTR\SPECTR\DEBUG\HSMSETTINGS.OBJ
C:\DOCUMENTS AND SETTINGS\S.GORYUNOV\Рабочий стол\Копия (23.07.14) SPECTROMETR\SPECTR\SPECTR\DEBUG\IK220SETTINGS.OBJ
C:\DOCUMENTS AND SETTINGS\S.GORYUNOV\Рабочий стол\Копия (23.07.14) SPECTROMETR\SPECTR\SPECTR\DEBUG\SAMPPOSSYSTEM.OBJ
C:\DOCUMENTS AND SETTINGS\S.GORYUNOV\Рабочий стол\Копия (23.07.14) SPECTROMETR\SPECTR\SPECTR\DEBUG\SCANTASKDLG.OBJ
C:\DOCUMENTS AND SETTINGS\S.GORYUNOV\Рабочий стол\Копия (23.07.14) SPECTROMETR\SPECTR\SPECTR\DEBUG\SETTINGS.OBJ
C:\DOCUMENTS AND SETTINGS\S.GORYUNOV\Рабочий стол\Копия (23.07.14) SPECTROMETR\SPECTR\SPECTR\DEBUG\SPECTR.EXE.EMBED.MANIFEST
C:\DOCUMENTS AND SETTINGS\S.GORYUNOV\Рабочий стол\Копия (23.07.14) SPECTROMETR\SPECTR\SPECTR\DEBUG\SPECTR.EXE.EMBED.MANIFEST.RES
C:\DOCUMENTS AND SETTINGS\S.GORYUNOV\Рабочий стол\Копия (23.07.14) SPECTROMETR\SPECTR\SPECTR\DEBUG\SPECTR.EXE.INTERMEDIATE.MANIFEST
C:\DOCUMENTS AND SETTINGS\S.GORYUNOV\Рабочий стол\Копия (23.07.14) SPECTROMETR\SPECTR\SPECTR\DEBUG\SPECTR.OBJ
C:\DOCUMENTS AND SETTINGS\S.GORYUNOV\Рабочий стол\Копия (23.07.14) SPECTROMETR\SPECTR\SPECTR\DEBUG\SPECTR.PCH
C:\DOCUMENTS AND SETTINGS\S.GORYUNOV\Рабочий стол\Копия (23.07.14) SPECTROMETR\SPECTR\SPECTR\DEBUG\SPECTR.RES
C:\DOCUMENTS AND SETTINGS\S.GORYUNOV\Рабочий стол\Копия (23.07.14) SPECTROMETR\SPECTR\SPECTR\DEBUG\SPECTRDLG.OBJ
C:\DOCUMENTS AND SETTINGS\S.GORYUNOV\Рабочий стол\Копия (23.07.14) SPECTROMETR\SPECTR\SPECTR\DEBUG\SPLASHDLG.OBJ
C:\DOCUMENTS AND SETTINGS\S.GORYUNOV\Рабочий стол\Копия (23.07.14) SPECTROMETR\SPECTR\SPECTR\DEBUG\STDAFX.OBJ
C:\DOCUMENTS AND SETTINGS\S.GORYUNOV\Рабочий стол\Копия (23.07.14) SPECTROMETR\SPECTR\SPECTR\DEBUG\STEPMOTORSETTINGS.OBJ
C:\DOCUMENTS AND SETTINGS\S.GORYUNOV\РАБОЧИЙ СТОЛ\КОПИЯ (23.07.14) SPECTROMETR\SPECTR\SPECTR\DEBUG\VC100.PDB
C:\DOCUMENTS AND SETTINGS\S.GORYUNOV\Рабочий стол\Копия (23.07.14) SPECTROMETR\SPECTR\SPECTR\DEBUG\YESORNOTDLG.OBJ
C:\DOCUMENTS AND SETTINGS\S.GORYUNOV\Рабочий стол\Копия (23.07.14) SPECTROMETR\SPECTR\SPECTR\DEBUG\СTASKFILEDLG.OBJ
C:\DOCUMENTS AND SETTINGS\S.GORYUNOV\Рабочий стол\Копия (24.07.14) SPECTROMETR\SPECTR\DEBUG\SPECTR.EXE
C:\DOCUMENTS AND SETTINGS\S.GORYUNOV\Рабочий стол\Копия (24.07.14) SPECTROMETR\SPECTR\DEBUG\SPECTR.ILK
C:\DOCUMENTS AND SETTINGS\S.GORYUNOV\РАБОЧИЙ СТОЛ\КОПИЯ (24.07.14) SPECTROMETR\SPECTR\DEBUG\SPECTR.PDB
C:\DOCUMENTS AND SETTINGS\S.GORYUNOV\Рабочий стол\Копия (24.07.14) SPECTROMETR\SPECTR\SPECTR\DEBUG\CHOPPER.OBJ
C:\DOCUMENTS AND SETTINGS\S.GORYUNOV\Рабочий стол\Копия (24.07.14) SPECTROMETR\SPECTR\SPECTR\DEBUG\CHOPPERSETTINGS.OBJ
C:\Documents and Settings\S.Goryunov\Рабочий стол\Копия (24.07.14) Spectrometr\Spectr\Spectr\Debug\cl.command.1.tlog
C:\Documents and Settings\S.Goryunov\Рабочий стол\Копия (24.07.14) Spectrometr\Spectr\Spectr\Debug\CL.read.1.tlog
C:\Documents and Settings\S.Goryunov\Рабочий стол\Копия (24.07.14) Spectrometr\Spectr\Spectr\Debug\CL.write.1.tlog
C:\DOCUMENTS AND SETTINGS\S.GORYUNOV\Рабочий стол\Копия (24.07.14) SPECTROMETR\SPECTR\SPECTR\DEBUG\DATAACQSYSTEM.OBJ
C:\DOCUMENTS AND SETTINGS\S.GORYUNOV\Рабочий стол\Копия (24.07.14) SPECTROMETR\SPECTR\SPECTR\DEBUG\E2010.OBJ
C:\DOCUMENTS AND SETTINGS\S.GORYUNOV\Рабочий стол\Копия (24.07.14) SPECTROMETR\SPECTR\SPECTR\DEBUG\E2010SETTINGS.OBJ
C:\DOCUMENTS AND SETTINGS\S.GORYUNOV\Рабочий стол\Копия (24.07.14) SPECTROMETR\SPECTR\SPECTR\DEBUG\GRAPHDLG.OBJ
C:\DOCUMENTS AND SETTINGS\S.GORYUNOV\Рабочий стол\Копия (24.07.14) SPECTROMETR\SPECTR\SPECTR\DEBUG\HARDWARE.OBJ
C:\DOCUMENTS AND SETTINGS\S.GORYUNOV\Рабочий стол\Копия (24.07.14) SPECTROMETR\SPECTR\SPECTR\DEBUG\HIGHSPEEDMOTOR.OBJ
C:\DOCUMENTS AND SETTINGS\S.GORYUNOV\Рабочий стол\Копия (24.07.14) SPECTROMETR\SPECTR\SPECTR\DEBUG\HSMSETTINGS.OBJ
C:\DOCUMENTS AND SETTINGS\S.GORYUNOV\Рабочий стол\Копия (24.07.14) SPECTROMETR\SPECTR\SPECTR\DEBUG\IK220SETTINGS.OBJ
C:\Documents and Settings\S.Goryunov\Рабочий стол\Копия (24.07.14) Spectrometr\Spectr\Spectr\Debug\link.2364.read.1.tlog
C:\Documents and Settings\S.Goryunov\Рабочий стол\Копия (24.07.14) Spectrometr\Spectr\Spectr\Debug\link.2364.write.1.tlog
C:\Documents and Settings\S.Goryunov\Рабочий стол\Копия (24.07.14) Spectrometr\Spectr\Spectr\Debug\link.2364-cvtres.read.1.tlog
C:\Documents and Settings\S.Goryunov\Рабочий стол\Копия (24.07.14) Spectrometr\Spectr\Spectr\Debug\link.2364-cvtres.write.1.tlog
C:\Documents and Settings\S.Goryunov\Рабочий стол\Копия (24.07.14) Spectrometr\Spectr\Spectr\Debug\link.command.1.tlog
C:\Documents and Settings\S.Goryunov\Рабочий стол\Копия (24.07.14) Spectrometr\Spectr\Spectr\Debug\link.read.1.tlog
C:\Documents and Settings\S.Goryunov\Рабочий стол\Копия (24.07.14) Spectrometr\Spectr\Spectr\Debug\link.write.1.tlog
C:\Documents and Settings\S.Goryunov\Рабочий стол\Копия (24.07.14) Spectrometr\Spectr\Spectr\Debug\link-cvtres.read.1.tlog
C:\Documents and Settings\S.Goryunov\Рабочий стол\Копия (24.07.14) Spectrometr\Spectr\Spectr\Debug\link-cvtres.write.1.tlog
C:\Documents and Settings\S.Goryunov\Рабочий стол\Копия (24.07.14) Spectrometr\Spectr\Spectr\Debug\mt.command.1.tlog
C:\Documents and Settings\S.Goryunov\Рабочий стол\Копия (24.07.14) Spectrometr\Spectr\Spectr\Debug\mt.read.1.tlog
C:\Documents and Settings\S.Goryunov\Рабочий стол\Копия (24.07.14) Spectrometr\Spectr\Spectr\Debug\mt.write.1.tlog
C:\Documents and Settings\S.Goryunov\Рабочий стол\Копия (24.07.14) Spectrometr\Spectr\Spectr\Debug\rc.command.1.tlog
C:\Documents and Settings\S.Goryunov\Рабочий стол\Копия (24.07.14) Spectrometr\Spectr\Spectr\Debug\rc.read.1.tlog
C:\Documents and Settings\S.Goryunov\Рабочий стол\Копия (24.07.14) Spectrometr\Spectr\Spectr\Debug\rc.write.1.tlog
C:\DOCUMENTS AND SETTINGS\S.GORYUNOV\Рабочий стол\Копия (24.07.14) SPECTROMETR\SPECTR\SPECTR\DEBUG\SAMPPOSSYSTEM.OBJ
C:\DOCUMENTS AND SETTINGS\S.GORYUNOV\Рабочий стол\Копия (24.07.14) SPECTROMETR\SPECTR\SPECTR\DEBUG\SCANTASKDLG.OBJ
C:\DOCUMENTS AND SETTINGS\S.GORYUNOV\Рабочий стол\Копия (24.07.14) SPECTROMETR\SPECTR\SPECTR\DEBUG\SETTINGS.OBJ
C:\Documents and Settings\S.Goryunov\Рабочий стол\Копия (24.07.14) Spectrometr\Spectr\Spectr\Debug\Spectr.exe.embed.manifest
C:\DOCUMENTS AND SETTINGS\S.GORYUNOV\Рабочий стол\Копия (24.07.14) SPECTROMETR\SPECTR\SPECTR\DEBUG\SPECTR.EXE.EMBED.MANIFEST.RES
C:\DOCUMENTS AND SETTINGS\S.GORYUNOV\Рабочий стол\Копия (24.07.14) SPECTROMETR\SPECTR\SPECTR\DEBUG\SPECTR.EXE.INTERMEDIATE.MANIFEST
C:\DOCUMENTS AND SETTINGS\S.GORYUNOV\Рабочий стол\Копия (24.07.14) SPECTROMETR\SPECTR\SPECTR\DEBUG\SPECTR.OBJ
C:\DOCUMENTS AND SETTINGS\S.GORYUNOV\Рабочий стол\Копия (24.07.14) SPECTROMETR\SPECTR\SPECTR\DEBUG\SPECTR.PCH
C:\DOCUMENTS AND SETTINGS\S.GORYUNOV\Рабочий стол\Копия (24.07.14) SPECTROMETR\SPECTR\SPECTR\DEBUG\SPECTR.RES
C:\Documents and Settings\S.Goryunov\Рабочий стол\Копия (24.07.14) Spectrometr\Spectr\Spectr\Debug\Spectr_manifest.rc
C:\DOCUMENTS AND SETTINGS\S.GORYUNOV\Рабочий стол\Копия (24.07.14) SPECTROMETR\SPECTR\SPECTR\DEBUG\SPECTRDLG.OBJ
C:\DOCUMENTS AND SETTINGS\S.GORYUNOV\Рабочий стол\Копия (24.07.14) SPECTROMETR\SPECTR\SPECTR\DEBUG\SPLASHDLG.OBJ
C:\DOCUMENTS AND SETTINGS\S.GORYUNOV\Рабочий стол\Копия (24.07.14) SPECTROMETR\SPECTR\SPECTR\DEBUG\STDAFX.OBJ
C:\DOCUMENTS AND SETTINGS\S.GORYUNOV\Рабочий стол\Копия (24.07.14) SPECTROMETR\SPECTR\SPECTR\DEBUG\STEPMOTORSETTINGS.OBJ
C:\Documents and Settings\S.Goryunov\Рабочий стол\Копия (24.07.14) Spectrometr\Spectr\Spectr\Debug\vc100.idb
C:\DOCUMENTS AND SETTINGS\S.GORYUNOV\РАБОЧИЙ СТОЛ\КОПИЯ (24.07.14) SPECTROMETR\SPECTR\SPECTR\DEBUG\VC100.PDB
C:\DOCUMENTS AND SETTINGS\S.GORYUNOV\Рабочий стол\Копия (24.07.14) SPECTROMETR\SPECTR\SPECTR\DEBUG\YESORNOTDLG.OBJ
C:\DOCUMENTS AND SETTINGS\S.GORYUNOV\Рабочий стол\Копия (24.07.14) SPECTROMETR\SPECTR\SPECTR\DEBUG\СTASKFILEDLG.OBJ
