Построение начато 7/25/2014 4:08:25 PM.
     1>Проект "C:\Documents and Settings\S.Goryunov\Рабочий стол\Копия (24.07.14) Spectrometr\Spectr\Spectr\Spectr.vcxproj" в узле 2 (целевые объекты build).
     1>InitializeBuildStatus:
         Создание "Debug\Spectr.unsuccessfulbuild", так как было задано "AlwaysCreate".
       ClCompile:
         Для всех выходных данных обновления не требуется.
         Для всех выходных данных обновления не требуется.
       ResourceCompile:
         Для всех выходных данных обновления не требуется.
       ManifestResourceCompile:
         Для всех выходных данных обновления не требуется.
       Link:
         Для всех выходных данных обновления не требуется.
       Manifest:
         C:\Program Files\Microsoft SDKs\Windows\v7.0A\bin\mt.exe /nologo /verbose /out:"Debug\Spectr.exe.embed.manifest" /manifest Debug\Spectr.exe.intermediate.manifest "C:\Program Files\Microsoft Visual Studio 10.0\VC\Include\Manifest\dpiaware.manifest"
         Для всех выходных данных обновления не требуется.
       FinalizeBuildStatus:
         Файл "Debug\Spectr.unsuccessfulbuild" удаляется.
         Обращение к "Debug\Spectr.lastbuildstate".
     1>Построение проекта "C:\Documents and Settings\S.Goryunov\Рабочий стол\Копия (24.07.14) Spectrometr\Spectr\Spectr\Spectr.vcxproj" завершено (целевые объекты build).

Построение успешно завершено.

Затраченное время: 00:00:00.17
